<?xml version="1.0" encoding="UTF-8"?>
<!-- Generated by org.testng.reporters.JUnitReportReporter -->
<testsuite hostname="DESKTOP-VHD75M3" failures="0" tests="1" name="testClassPackage.Post_tc_1" time="3.131" errors="0" timestamp="2023-05-27T23:50:10 IST" skipped="0">
  <testcase classname="testClassPackage.Post_tc_1" name="execute" time="3.131"/>
  <system-out/>
</testsuite> <!-- testClassPackage.Post_tc_1 -->
