<?xml version="1.0" encoding="UTF-8"?>
<!-- Generated by org.testng.reporters.JUnitReportReporter -->
<testsuite hostname="DESKTOP-VHD75M3" failures="0" tests="1" name="testClassPackage.Post_tc_3" time="0.944" errors="0" timestamp="2023-05-23T18:32:52 IST" skipped="0">
  <testcase classname="testClassPackage.Post_tc_3" name="execute" time="0.944"/>
  <system-out/>
</testsuite> <!-- testClassPackage.Post_tc_3 -->
